2020-10-08 14:02:52,543 - webwhatsapi - INFO - Checking for profile at firefox_cache
2020-10-08 14:03:09,689 - root - DEBUG - driving
2020-10-08 14:03:14,119 - root - DEBUG - Driver knows visitor connected
2020-10-08 14:03:24,176 - webwhatsapi - DEBUG - QRcode image saved at /app/app/static/images/qr1.png
2020-10-08 14:03:24,224 - webwhatsapi - DEBUG - QRcode image saved at /app/app/static/images/qr2.png
2020-10-08 14:03:45,274 - root - DEBUG - Wait for login timed out
2020-10-08 14:03:55,331 - webwhatsapi - DEBUG - QRcode image saved at /app/app/static/images/qr1.png
2020-10-08 14:03:55,370 - webwhatsapi - DEBUG - QRcode image saved at /app/app/static/images/qr2.png
2020-10-08 14:04:16,421 - root - DEBUG - Wait for login timed out
2020-10-08 14:04:26,478 - webwhatsapi - DEBUG - QRcode image saved at /app/app/static/images/qr1.png
2020-10-08 14:04:26,516 - webwhatsapi - DEBUG - QRcode image saved at /app/app/static/images/qr2.png
2020-10-08 14:04:47,583 - root - DEBUG - Wait for login timed out
2020-10-08 14:04:58,279 - webwhatsapi - DEBUG - QRcode image saved at /app/app/static/images/qr1.png
2020-10-08 14:04:58,314 - webwhatsapi - DEBUG - QRcode image saved at /app/app/static/images/qr2.png
2020-10-08 14:05:06,375 - root - DEBUG - Driver knows visitor connected
2020-10-08 14:05:28,407 - webwhatsapi - DEBUG - QRcode image saved at /app/app/static/images/qr1.png
2020-10-08 14:05:28,446 - webwhatsapi - DEBUG - QRcode image saved at /app/app/static/images/qr2.png
2020-10-08 14:05:28,873 - root - DEBUG - Wait for login timed out
2020-10-08 14:05:58,522 - webwhatsapi - DEBUG - QRcode image saved at /app/app/static/images/qr1.png
2020-10-08 14:05:58,558 - webwhatsapi - DEBUG - QRcode image saved at /app/app/static/images/qr2.png
2020-10-08 14:05:59,003 - root - DEBUG - Wait for login timed out
2020-10-08 14:06:28,643 - webwhatsapi - DEBUG - QRcode image saved at /app/app/static/images/qr1.png
2020-10-08 14:06:28,685 - webwhatsapi - DEBUG - QRcode image saved at /app/app/static/images/qr2.png
2020-10-08 14:06:29,118 - root - DEBUG - Wait for login timed out
2020-10-08 14:06:59,237 - webwhatsapi - DEBUG - QRcode image saved at /app/app/static/images/qr1.png
2020-10-08 14:06:59,255 - root - DEBUG - Wait for login timed out
2020-10-08 14:07:09,278 - webwhatsapi - DEBUG - QRcode image saved at /app/app/static/images/qr2.png
2020-10-08 14:07:19,313 - webwhatsapi - DEBUG - QRcode image saved at /app/app/static/images/qr1.png
2020-10-08 14:07:19,346 - webwhatsapi - DEBUG - QRcode image saved at /app/app/static/images/qr2.png
2020-10-08 14:07:39,886 - root - DEBUG - Wait for login timed out
2020-10-08 14:07:49,895 - root - DEBUG - Wait for login timed out
2020-10-08 14:08:09,455 - webwhatsapi - DEBUG - QRcode image saved at /app/app/static/images/qr1.png
2020-10-08 14:08:09,459 - webwhatsapi - DEBUG - QRcode image saved at /app/app/static/images/qr1.png
2020-10-08 14:08:09,502 - webwhatsapi - DEBUG - QRcode image saved at /app/app/static/images/qr2.png
2020-10-08 14:08:09,505 - webwhatsapi - DEBUG - QRcode image saved at /app/app/static/images/qr2.png
2020-10-08 14:08:30,047 - root - DEBUG - Wait for login timed out
2020-10-08 14:08:40,065 - root - DEBUG - Wait for login timed out
2020-10-08 14:09:00,286 - webwhatsapi - DEBUG - QRcode image saved at /app/app/static/images/qr1.png
2020-10-08 14:09:00,323 - webwhatsapi - DEBUG - QRcode image saved at /app/app/static/images/qr2.png
2020-10-08 14:09:21,373 - root - DEBUG - Wait for login timed out
2020-10-08 14:09:31,412 - webwhatsapi - DEBUG - QRcode image saved at /app/app/static/images/qr1.png
2020-10-08 14:09:31,453 - webwhatsapi - DEBUG - QRcode image saved at /app/app/static/images/qr2.png
2020-10-08 14:09:52,495 - root - DEBUG - Wait for login timed out
2020-10-08 14:10:02,534 - webwhatsapi - DEBUG - QRcode image saved at /app/app/static/images/qr1.png
2020-10-08 14:10:02,565 - webwhatsapi - DEBUG - QRcode image saved at /app/app/static/images/qr2.png
2020-10-08 14:10:23,609 - root - DEBUG - Wait for login timed out
2020-10-08 14:10:33,648 - webwhatsapi - DEBUG - QRcode image saved at /app/app/static/images/qr1.png
2020-10-08 14:10:33,674 - webwhatsapi - DEBUG - QRcode image saved at /app/app/static/images/qr2.png
2020-10-08 14:10:54,718 - root - DEBUG - Wait for login timed out
2020-10-08 14:11:05,147 - webwhatsapi - DEBUG - QRcode image saved at /app/app/static/images/qr1.png
2020-10-08 14:11:05,176 - webwhatsapi - DEBUG - QRcode image saved at /app/app/static/images/qr2.png
2020-10-08 14:11:26,218 - root - DEBUG - Wait for login timed out
2020-10-08 14:11:36,259 - webwhatsapi - DEBUG - QRcode image saved at /app/app/static/images/qr1.png
2020-10-08 14:11:36,288 - webwhatsapi - DEBUG - QRcode image saved at /app/app/static/images/qr2.png
2020-10-08 14:11:57,329 - root - DEBUG - Wait for login timed out
2020-10-08 14:12:07,382 - webwhatsapi - DEBUG - QRcode image saved at /app/app/static/images/qr1.png
2020-10-08 14:12:07,411 - webwhatsapi - DEBUG - QRcode image saved at /app/app/static/images/qr2.png
