2020-10-08 13:51:24,941 - webwhatsapi - INFO - Checking for profile at firefox_cache
2020-10-08 13:51:43,626 - root - DEBUG - driving
2020-10-08 13:51:47,497 - root - DEBUG - Driver knows visitor connected
2020-10-08 13:51:57,552 - webwhatsapi - DEBUG - QRcode image saved at /app/app/static/images/qr1.png
2020-10-08 13:51:57,596 - webwhatsapi - DEBUG - QRcode image saved at /app/app/static/images/qr2.png
2020-10-08 13:52:18,646 - root - DEBUG - Wait for login timed out
2020-10-08 13:52:28,706 - webwhatsapi - DEBUG - QRcode image saved at /app/app/static/images/qr1.png
2020-10-08 13:52:28,763 - webwhatsapi - DEBUG - QRcode image saved at /app/app/static/images/qr2.png
2020-10-08 13:52:49,823 - root - DEBUG - Wait for login timed out
2020-10-08 13:52:59,886 - webwhatsapi - DEBUG - QRcode image saved at /app/app/static/images/qr1.png
2020-10-08 13:52:59,931 - webwhatsapi - DEBUG - QRcode image saved at /app/app/static/images/qr2.png
2020-10-08 13:53:20,992 - root - DEBUG - Wait for login timed out
2020-10-08 13:53:31,038 - webwhatsapi - DEBUG - QRcode image saved at /app/app/static/images/qr1.png
2020-10-08 13:53:31,088 - webwhatsapi - DEBUG - QRcode image saved at /app/app/static/images/qr2.png
2020-10-08 13:53:52,146 - root - DEBUG - Wait for login timed out
2020-10-08 13:54:02,628 - webwhatsapi - DEBUG - QRcode image saved at /app/app/static/images/qr1.png
2020-10-08 13:54:02,666 - webwhatsapi - DEBUG - QRcode image saved at /app/app/static/images/qr2.png
2020-10-08 13:54:23,728 - root - DEBUG - Wait for login timed out
2020-10-08 13:54:27,779 - root - DEBUG - Driver knows visitor connected
2020-10-08 13:54:43,787 - webwhatsapi - DEBUG - QRcode image saved at /app/app/static/images/qr1.png
2020-10-08 13:54:43,791 - webwhatsapi - DEBUG - QRcode image saved at /app/app/static/images/qr1.png
2020-10-08 13:54:43,826 - webwhatsapi - DEBUG - QRcode image saved at /app/app/static/images/qr2.png
2020-10-08 13:54:43,829 - webwhatsapi - DEBUG - QRcode image saved at /app/app/static/images/qr2.png
2020-10-08 13:55:04,367 - root - DEBUG - Wait for login timed out
2020-10-08 13:55:14,382 - root - DEBUG - Wait for login timed out
2020-10-08 13:55:33,941 - webwhatsapi - DEBUG - QRcode image saved at /app/app/static/images/qr1.png
2020-10-08 13:55:33,945 - webwhatsapi - DEBUG - QRcode image saved at /app/app/static/images/qr1.png
2020-10-08 13:55:33,978 - webwhatsapi - DEBUG - QRcode image saved at /app/app/static/images/qr2.png
2020-10-08 13:55:33,983 - webwhatsapi - DEBUG - QRcode image saved at /app/app/static/images/qr2.png
2020-10-08 13:55:54,528 - root - DEBUG - Wait for login timed out
2020-10-08 13:56:04,563 - root - DEBUG - Wait for login timed out
